<?xml version="1.0" encoding="UTF-8"?>
<!-- Generated by org.testng.reporters.JUnitReportReporter -->
<testsuite hostname="LAPTOP-BIV4AF5M" failures="0" tests="5" name="reading_Data_From_Excel.RediffLoginTest" time="21.985" errors="0" timestamp="2024-11-15T08:00:21 IST" skipped="0">
  <testcase classname="reading_Data_From_Excel.RediffLoginTest" name="rediffLoginTest" time="4.106"/>
  <testcase classname="reading_Data_From_Excel.RediffLoginTest" name="rediffLoginTest" time="4.401"/>
  <testcase classname="reading_Data_From_Excel.RediffLoginTest" name="rediffLoginTest" time="3.560"/>
  <testcase classname="reading_Data_From_Excel.RediffLoginTest" name="rediffLoginTest" time="6.173"/>
  <testcase classname="reading_Data_From_Excel.RediffLoginTest" name="rediffLoginTest" time="3.745"/>
</testsuite> <!-- reading_Data_From_Excel.RediffLoginTest -->
