<?xml version="1.0" encoding="UTF-8"?>
<!-- Generated by org.testng.reporters.JUnitReportReporter -->
<testsuite hostname="LAPTOP-BIV4AF5M" failures="0" tests="1" name="testBase.BaseClass" time="5.752" errors="0" timestamp="2024-10-24T12:21:33 IST" skipped="0">
  <testcase classname="testBase.BaseClass" name="setup" time="5.752"/>
</testsuite> <!-- testBase.BaseClass -->
